  Reading Qt configuration (E:/Qt/6.7.2/msvc2019_64/bin/qmake)
  uic Frm_InstallApp.ui
  uic Frm_Main.ui
  rcc Frm_Main.qrc
  moc Frm_Main.h
  moc Frm_InstallApp.h
  moc SyncDevicesThread.h
   RCC: Warning: No resources in 'C:\Users\J-Studio\source\repos\HKW-Tools\HKW-Tools\Frm_Main.qrc'.
  Debuger.cpp
  Frm_InstallApp.cpp
  SyncDevicesThread.cpp
  Frm_Main.cpp
  App.cpp
  Device.cpp
  Server.cpp
  Terminal.cpp
  CmdResult.cpp
  ErrMessage.cpp
  StringBox.cpp
  main.cpp
C:\Program Files\Microsoft Visual Studio\2022\Community\VC\Tools\MSVC\14.40.33807\include\xutility(4672,18): warning C4244: “=”: 从“const wchar_t”转换到“char”，可能丢失数据
C:\Program Files\Microsoft Visual Studio\2022\Community\VC\Tools\MSVC\14.40.33807\include\xutility(4672,18): warning C4244: “=”: 从“const wchar_t”转换到“char”，可能丢失数据
C:\Program Files\Microsoft Visual Studio\2022\Community\VC\Tools\MSVC\14.40.33807\include\xutility(4672,18): warning C4244: “=”: 从“const wchar_t”转换到“char”，可能丢失数据
C:\Program Files\Microsoft Visual Studio\2022\Community\VC\Tools\MSVC\14.40.33807\include\xutility(4672,18): warning C4244: “=”: 从“const wchar_t”转换到“char”，可能丢失数据
  qrc_Frm_Main.cpp
  moc_Frm_Main.cpp
  moc_Frm_InstallApp.cpp
  moc_SyncDevicesThread.cpp
  正在生成代码
  Previous IPDB not found, fall back to full compilation.
  All 1181 functions were compiled because no usable IPDB/IOBJ from previous compilation was found.
  已完成代码的生成
  HKW-Tools.vcxproj -> C:\Users\J-Studio\source\repos\HKW-Tools\x64\Release\HKW-Tools.exe
