c:\users\j-studio\source\repos\hkw-tools\hkw-tools\x64\release\vc143.pdb
c:\users\j-studio\source\repos\hkw-tools\hkw-tools\x64\release\qrc_frm_main.obj
c:\users\j-studio\source\repos\hkw-tools\hkw-tools\x64\release\cmdresult.obj
c:\users\j-studio\source\repos\hkw-tools\hkw-tools\x64\release\frm_main.obj
c:\users\j-studio\source\repos\hkw-tools\hkw-tools\x64\release\main.obj
c:\users\j-studio\source\repos\hkw-tools\hkw-tools\x64\release\debuger.obj
c:\users\j-studio\source\repos\hkw-tools\hkw-tools\x64\release\errmessage.obj
c:\users\j-studio\source\repos\hkw-tools\hkw-tools\x64\release\terminal.obj
c:\users\j-studio\source\repos\hkw-tools\hkw-tools\x64\release\stringbox.obj
c:\users\j-studio\source\repos\hkw-tools\hkw-tools\x64\release\syncdevicesthread.obj
c:\users\j-studio\source\repos\hkw-tools\hkw-tools\x64\release\server.obj
c:\users\j-studio\source\repos\hkw-tools\hkw-tools\x64\release\frm_installapp.obj
c:\users\j-studio\source\repos\hkw-tools\hkw-tools\x64\release\device.obj
c:\users\j-studio\source\repos\hkw-tools\hkw-tools\x64\release\app.obj
c:\users\j-studio\source\repos\hkw-tools\hkw-tools\x64\release\moc_frm_installapp.obj
c:\users\j-studio\source\repos\hkw-tools\hkw-tools\x64\release\moc_syncdevicesthread.obj
c:\users\j-studio\source\repos\hkw-tools\hkw-tools\x64\release\moc_frm_main.obj
c:\users\j-studio\source\repos\hkw-tools\hkw-tools\x64\release\uic\ui_frm_installapp.h
c:\users\j-studio\source\repos\hkw-tools\hkw-tools\x64\release\uic\ui_frm_main.h
c:\users\j-studio\source\repos\hkw-tools\hkw-tools\x64\release\rcc\qrc_frm_main.cpp
c:\users\j-studio\source\repos\hkw-tools\hkw-tools\x64\release\moc\moc_frm_main.cpp
c:\users\j-studio\source\repos\hkw-tools\hkw-tools\x64\release\moc\moc_frm_installapp.cpp
c:\users\j-studio\source\repos\hkw-tools\hkw-tools\x64\release\moc\moc_syncdevicesthread.cpp
c:\users\j-studio\source\repos\hkw-tools\x64\release\hkw-tools.exe
c:\users\j-studio\source\repos\hkw-tools\hkw-tools\x64\release\hkw-tools.res
c:\users\j-studio\source\repos\hkw-tools\hkw-tools\x64\release\hkw-tools.ipdb
c:\users\j-studio\source\repos\hkw-tools\hkw-tools\x64\release\hkw-tools.iobj
c:\users\j-studio\source\repos\hkw-tools\hkw-tools\x64\release\hkw-tools.tlog\cl.command.1.tlog
c:\users\j-studio\source\repos\hkw-tools\hkw-tools\x64\release\hkw-tools.tlog\cl.items.tlog
c:\users\j-studio\source\repos\hkw-tools\hkw-tools\x64\release\hkw-tools.tlog\cl.read.1.tlog
c:\users\j-studio\source\repos\hkw-tools\hkw-tools\x64\release\hkw-tools.tlog\cl.write.1.tlog
c:\users\j-studio\source\repos\hkw-tools\hkw-tools\x64\release\hkw-tools.tlog\hkw-tools.write.1u.tlog
c:\users\j-studio\source\repos\hkw-tools\hkw-tools\x64\release\hkw-tools.tlog\link.command.1.tlog
c:\users\j-studio\source\repos\hkw-tools\hkw-tools\x64\release\hkw-tools.tlog\link.read.1.tlog
c:\users\j-studio\source\repos\hkw-tools\hkw-tools\x64\release\hkw-tools.tlog\link.secondary.1.tlog
c:\users\j-studio\source\repos\hkw-tools\hkw-tools\x64\release\hkw-tools.tlog\link.write.1.tlog
c:\users\j-studio\source\repos\hkw-tools\hkw-tools\x64\release\hkw-tools.tlog\moc.read.1u.tlog
c:\users\j-studio\source\repos\hkw-tools\hkw-tools\x64\release\hkw-tools.tlog\moc.write.1u.tlog
c:\users\j-studio\source\repos\hkw-tools\hkw-tools\x64\release\hkw-tools.tlog\rc.command.1.tlog
c:\users\j-studio\source\repos\hkw-tools\hkw-tools\x64\release\hkw-tools.tlog\rc.read.1.tlog
c:\users\j-studio\source\repos\hkw-tools\hkw-tools\x64\release\hkw-tools.tlog\rc.write.1.tlog
c:\users\j-studio\source\repos\hkw-tools\hkw-tools\x64\release\hkw-tools.tlog\rcc.read.1u.tlog
c:\users\j-studio\source\repos\hkw-tools\hkw-tools\x64\release\hkw-tools.tlog\rcc.write.1u.tlog
c:\users\j-studio\source\repos\hkw-tools\hkw-tools\x64\release\hkw-tools.tlog\uic.read.1u.tlog
c:\users\j-studio\source\repos\hkw-tools\hkw-tools\x64\release\hkw-tools.tlog\uic.write.1u.tlog
