c:\users\j-studio\source\repos\hkw-tools\hkw-tools\x64\debug\vc143.pdb
c:\users\j-studio\source\repos\hkw-tools\hkw-tools\x64\debug\vc143.idb
c:\users\j-studio\source\repos\hkw-tools\hkw-tools\x64\debug\qrc_frm_main.obj
c:\users\j-studio\source\repos\hkw-tools\hkw-tools\x64\debug\app.obj
c:\users\j-studio\source\repos\hkw-tools\hkw-tools\x64\debug\terminal.obj
c:\users\j-studio\source\repos\hkw-tools\hkw-tools\x64\debug\errmessage.obj
c:\users\j-studio\source\repos\hkw-tools\hkw-tools\x64\debug\device.obj
c:\users\j-studio\source\repos\hkw-tools\hkw-tools\x64\debug\syncdevicesthread.obj
c:\users\j-studio\source\repos\hkw-tools\hkw-tools\x64\debug\server.obj
c:\users\j-studio\source\repos\hkw-tools\hkw-tools\x64\debug\stringbox.obj
c:\users\j-studio\source\repos\hkw-tools\hkw-tools\x64\debug\cmdresult.obj
c:\users\j-studio\source\repos\hkw-tools\hkw-tools\x64\debug\frm_main.obj
c:\users\j-studio\source\repos\hkw-tools\hkw-tools\x64\debug\main.obj
c:\users\j-studio\source\repos\hkw-tools\hkw-tools\x64\debug\moc_frm_main.obj
c:\users\j-studio\source\repos\hkw-tools\hkw-tools\x64\debug\moc_syncdevicesthread.obj
c:\users\j-studio\source\repos\hkw-tools\hkw-tools\x64\debug\uic\ui_frm_main.h
c:\users\j-studio\source\repos\hkw-tools\hkw-tools\x64\debug\rcc\qrc_frm_main.cpp
c:\users\j-studio\source\repos\hkw-tools\hkw-tools\x64\debug\moc\moc_frm_main.cpp
c:\users\j-studio\source\repos\hkw-tools\hkw-tools\x64\debug\moc\moc_syncdevicesthread.cpp
c:\users\j-studio\source\repos\hkw-tools\x64\debug\hkw-tools.exe
c:\users\j-studio\source\repos\hkw-tools\x64\debug\hkw-tools.pdb
c:\users\j-studio\source\repos\hkw-tools\hkw-tools\x64\debug\hkw-tools.res
c:\users\j-studio\source\repos\hkw-tools\hkw-tools\x64\debug\hkw-tools.ilk
c:\users\j-studio\source\repos\hkw-tools\hkw-tools\x64\debug\hkw-tools.tlog\cl.command.1.tlog
c:\users\j-studio\source\repos\hkw-tools\hkw-tools\x64\debug\hkw-tools.tlog\cl.items.tlog
c:\users\j-studio\source\repos\hkw-tools\hkw-tools\x64\debug\hkw-tools.tlog\cl.read.1.tlog
c:\users\j-studio\source\repos\hkw-tools\hkw-tools\x64\debug\hkw-tools.tlog\cl.write.1.tlog
c:\users\j-studio\source\repos\hkw-tools\hkw-tools\x64\debug\hkw-tools.tlog\hkw-tools.write.1u.tlog
c:\users\j-studio\source\repos\hkw-tools\hkw-tools\x64\debug\hkw-tools.tlog\link.command.1.tlog
c:\users\j-studio\source\repos\hkw-tools\hkw-tools\x64\debug\hkw-tools.tlog\link.read.1.tlog
c:\users\j-studio\source\repos\hkw-tools\hkw-tools\x64\debug\hkw-tools.tlog\link.secondary.1.tlog
c:\users\j-studio\source\repos\hkw-tools\hkw-tools\x64\debug\hkw-tools.tlog\link.write.1.tlog
c:\users\j-studio\source\repos\hkw-tools\hkw-tools\x64\debug\hkw-tools.tlog\moc.read.1u.tlog
c:\users\j-studio\source\repos\hkw-tools\hkw-tools\x64\debug\hkw-tools.tlog\moc.write.1u.tlog
c:\users\j-studio\source\repos\hkw-tools\hkw-tools\x64\debug\hkw-tools.tlog\rc.command.1.tlog
c:\users\j-studio\source\repos\hkw-tools\hkw-tools\x64\debug\hkw-tools.tlog\rc.read.1.tlog
c:\users\j-studio\source\repos\hkw-tools\hkw-tools\x64\debug\hkw-tools.tlog\rc.write.1.tlog
c:\users\j-studio\source\repos\hkw-tools\hkw-tools\x64\debug\hkw-tools.tlog\rcc.read.1u.tlog
c:\users\j-studio\source\repos\hkw-tools\hkw-tools\x64\debug\hkw-tools.tlog\rcc.write.1u.tlog
c:\users\j-studio\source\repos\hkw-tools\hkw-tools\x64\debug\hkw-tools.tlog\uic.read.1u.tlog
c:\users\j-studio\source\repos\hkw-tools\hkw-tools\x64\debug\hkw-tools.tlog\uic.write.1u.tlog
